/home/mz342/Project/googlebooks-eng-all-2gram-20120701-0.gz
2gram
computer
mouse
dear
do
express
impress
rm: cannot remove `/home/mz342/Project/googlebooks-eng-all-2gram-20120701-0.gz': No such file or directory
/home/mz342/Project/googlebooks-eng-all-2gram-20120701-1.gz
2gram
computer
mouse
dear
do
express
impress
rm: cannot remove `/home/mz342/Project/googlebooks-eng-all-2gram-20120701-1.gz': No such file or directory
/home/mz342/Project/googlebooks-eng-all-2gram-20120701-2.gz
2gram
computer
mouse
dear
do
express
impress
rm: cannot remove `/home/mz342/Project/googlebooks-eng-all-2gram-20120701-2.gz': No such file or directory
/home/mz342/Project/googlebooks-eng-all-2gram-20120701-3.gz
2gram
computer
mouse
dear
do
express
impress
rm: cannot remove `/home/mz342/Project/googlebooks-eng-all-2gram-20120701-3.gz': No such file or directory
/home/mz342/Project/googlebooks-eng-all-2gram-20120701-4.gz
2gram
computer
mouse
dear
do
express
impress
rm: cannot remove `/home/mz342/Project/googlebooks-eng-all-2gram-20120701-4.gz': No such file or directory
/home/mz342/Project/googlebooks-eng-all-2gram-20120701-5.gz
2gram
computer
mouse
dear
do
express
impress
rm: cannot remove `/home/mz342/Project/googlebooks-eng-all-2gram-20120701-5.gz': No such file or directory
/home/mz342/Project/googlebooks-eng-all-2gram-20120701-6.gz
2gram
computer
mouse
dear
do
express
impress
rm: cannot remove `/home/mz342/Project/googlebooks-eng-all-2gram-20120701-6.gz': No such file or directory
/home/mz342/Project/googlebooks-eng-all-2gram-20120701-7.gz
2gram
computer
mouse
dear
do
express
impress
rm: cannot remove `/home/mz342/Project/googlebooks-eng-all-2gram-20120701-7.gz': No such file or directory
/home/mz342/Project/googlebooks-eng-all-2gram-20120701-8.gz
2gram
computer
mouse
dear
do
express
impress
rm: cannot remove `/home/mz342/Project/googlebooks-eng-all-2gram-20120701-8.gz': No such file or directory
/home/mz342/Project/googlebooks-eng-all-2gram-20120701-9.gz
2gram
computer
mouse
dear
do
express
impress
rm: cannot remove `/home/mz342/Project/googlebooks-eng-all-2gram-20120701-9.gz': No such file or directory
/home/mz342/Project/googlebooks-eng-all-2gram-20120701-aa.gz
2gram
computer
mouse
dear
do
express
impress
rm: cannot remove `/home/mz342/Project/googlebooks-eng-all-2gram-20120701-aa.gz': No such file or directory
/home/mz342/Project/googlebooks-eng-all-2gram-20120701-ab.gz
2gram
computer
mouse
dear
do
express
impress
rm: cannot remove `/home/mz342/Project/googlebooks-eng-all-2gram-20120701-ab.gz': No such file or directory
/home/mz342/Project/googlebooks-eng-all-2gram-20120701-ac.gz
2gram
computer
mouse
dear
do
express
impress
rm: cannot remove `/home/mz342/Project/googlebooks-eng-all-2gram-20120701-ac.gz': No such file or directory
/home/mz342/Project/googlebooks-eng-all-2gram-20120701-ad.gz
2gram
computer
mouse
dear
do
express
impress
rm: cannot remove `/home/mz342/Project/googlebooks-eng-all-2gram-20120701-ad.gz': No such file or directory
/home/mz342/Project/googlebooks-eng-all-2gram-20120701-_ADJ_.gz
2gram
computer
ExecuteMe.sh: line 10: 22690 Terminated              python gramExtractor.py ${data} ${targetWord} ${outputDir}/${gramName}/
ExecuteMe.sh: line 26: read: read error: 0: Stale NFS file handle
rm: cannot remove `/home/mz342/Project/googlebooks-eng-all-2gram-20120701-_ADJ_.gz': No such file or directory
/home/mz342/Project/googlebooks-eng-all-2gram-20120701-_ADP_.gz
2gram
computer
mouse
dear
do
express
impress
rm: cannot remove `/home/mz342/Project/googlebooks-eng-all-2gram-20120701-_ADP_.gz': No such file or directory
/home/mz342/Project/googlebooks-eng-all-2gram-20120701-_ADV_.gz
2gram
computer
mouse
dear
do
express
impress
rm: cannot remove `/home/mz342/Project/googlebooks-eng-all-2gram-20120701-_ADV_.gz': No such file or directory
/home/mz342/Project/googlebooks-eng-all-2gram-20120701-ae.gz
2gram
computer
mouse
dear
do
express
impress
rm: cannot remove `/home/mz342/Project/googlebooks-eng-all-2gram-20120701-ae.gz': No such file or directory
/home/mz342/Project/googlebooks-eng-all-2gram-20120701-af.gz
2gram
computer
mouse
dear
do
express
impress
rm: cannot remove `/home/mz342/Project/googlebooks-eng-all-2gram-20120701-af.gz': No such file or directory
/home/mz342/Project/googlebooks-eng-all-2gram-20120701-ag.gz
2gram
computer
mouse
dear
do
express
impress
rm: cannot remove `/home/mz342/Project/googlebooks-eng-all-2gram-20120701-ag.gz': No such file or directory
/home/mz342/Project/googlebooks-eng-all-2gram-20120701-a_.gz
2gram
computer
mouse
dear
do
express
impress
rm: cannot remove `/home/mz342/Project/googlebooks-eng-all-2gram-20120701-a_.gz': No such file or directory
/home/mz342/Project/googlebooks-eng-all-2gram-20120701-ah.gz
2gram
computer
mouse
dear
do
express
impress
rm: cannot remove `/home/mz342/Project/googlebooks-eng-all-2gram-20120701-ah.gz': No such file or directory
/home/mz342/Project/googlebooks-eng-all-2gram-20120701-ai.gz
2gram
computer
mouse
dear
do
express
impress
rm: cannot remove `/home/mz342/Project/googlebooks-eng-all-2gram-20120701-ai.gz': No such file or directory
gzip: /home/mz342/Project/googlebooks-eng-all-2gram-20120701-aj: No space left on device
/home/mz342/Project/googlebooks-eng-all-2gram-20120701-aj.gz
2gram
computer
Traceback (most recent call last):
  File "gramExtractor.py", line 16, in <module>
    f = open(fileName,"r")
IOError: [Errno 2] No such file or directory: '/home/mz342/Project/googlebooks-eng-all-2gram-20120701-aj'
mouse
Traceback (most recent call last):
  File "gramExtractor.py", line 16, in <module>
    f = open(fileName,"r")
IOError: [Errno 2] No such file or directory: '/home/mz342/Project/googlebooks-eng-all-2gram-20120701-aj'
dear
Traceback (most recent call last):
  File "gramExtractor.py", line 16, in <module>
    f = open(fileName,"r")
IOError: [Errno 2] No such file or directory: '/home/mz342/Project/googlebooks-eng-all-2gram-20120701-aj'
do
Traceback (most recent call last):
  File "gramExtractor.py", line 16, in <module>
    f = open(fileName,"r")
IOError: [Errno 2] No such file or directory: '/home/mz342/Project/googlebooks-eng-all-2gram-20120701-aj'
express
Traceback (most recent call last):
  File "gramExtractor.py", line 16, in <module>
    f = open(fileName,"r")
IOError: [Errno 2] No such file or directory: '/home/mz342/Project/googlebooks-eng-all-2gram-20120701-aj'
impress
Traceback (most recent call last):
  File "gramExtractor.py", line 16, in <module>
    f = open(fileName,"r")
IOError: [Errno 2] No such file or directory: '/home/mz342/Project/googlebooks-eng-all-2gram-20120701-aj'
rm: cannot remove `/home/mz342/Project/googlebooks-eng-all-2gram-20120701-aj': No such file or directory
gzip: /home/mz342/Project/googlebooks-eng-all-2gram-20120701-ak: No space left on device
/home/mz342/Project/googlebooks-eng-all-2gram-20120701-ak.gz
2gram
computer
Traceback (most recent call last):
  File "gramExtractor.py", line 16, in <module>
    f = open(fileName,"r")
IOError: [Errno 2] No such file or directory: '/home/mz342/Project/googlebooks-eng-all-2gram-20120701-ak'
mouse
Traceback (most recent call last):
  File "gramExtractor.py", line 16, in <module>
    f = open(fileName,"r")
IOError: [Errno 2] No such file or directory: '/home/mz342/Project/googlebooks-eng-all-2gram-20120701-ak'
dear
Traceback (most recent call last):
  File "gramExtractor.py", line 16, in <module>
    f = open(fileName,"r")
IOError: [Errno 2] No such file or directory: '/home/mz342/Project/googlebooks-eng-all-2gram-20120701-ak'
do
Traceback (most recent call last):
  File "gramExtractor.py", line 16, in <module>
    f = open(fileName,"r")
IOError: [Errno 2] No such file or directory: '/home/mz342/Project/googlebooks-eng-all-2gram-20120701-ak'
express
Traceback (most recent call last):
  File "gramExtractor.py", line 16, in <module>
    f = open(fileName,"r")
IOError: [Errno 2] No such file or directory: '/home/mz342/Project/googlebooks-eng-all-2gram-20120701-ak'
impress
Traceback (most recent call last):
  File "gramExtractor.py", line 16, in <module>
    f = open(fileName,"r")
IOError: [Errno 2] No such file or directory: '/home/mz342/Project/googlebooks-eng-all-2gram-20120701-ak'
rm: cannot remove `/home/mz342/Project/googlebooks-eng-all-2gram-20120701-ak': No such file or directory
gzip: /home/mz342/Project/googlebooks-eng-all-2gram-20120701-al: No space left on device
/home/mz342/Project/googlebooks-eng-all-2gram-20120701-al.gz
2gram
computer
Traceback (most recent call last):
  File "gramExtractor.py", line 16, in <module>
    f = open(fileName,"r")
IOError: [Errno 2] No such file or directory: '/home/mz342/Project/googlebooks-eng-all-2gram-20120701-al'
mouse
Traceback (most recent call last):
  File "gramExtractor.py", line 16, in <module>
    f = open(fileName,"r")
IOError: [Errno 2] No such file or directory: '/home/mz342/Project/googlebooks-eng-all-2gram-20120701-al'
dear
Traceback (most recent call last):
  File "gramExtractor.py", line 16, in <module>
    f = open(fileName,"r")
IOError: [Errno 2] No such file or directory: '/home/mz342/Project/googlebooks-eng-all-2gram-20120701-al'
do
Traceback (most recent call last):
  File "gramExtractor.py", line 16, in <module>
    f = open(fileName,"r")
IOError: [Errno 2] No such file or directory: '/home/mz342/Project/googlebooks-eng-all-2gram-20120701-al'
express
Traceback (most recent call last):
  File "gramExtractor.py", line 16, in <module>
    f = open(fileName,"r")
IOError: [Errno 2] No such file or directory: '/home/mz342/Project/googlebooks-eng-all-2gram-20120701-al'
impress
Traceback (most recent call last):
  File "gramExtractor.py", line 16, in <module>
    f = open(fileName,"r")
IOError: [Errno 2] No such file or directory: '/home/mz342/Project/googlebooks-eng-all-2gram-20120701-al'
rm: cannot remove `/home/mz342/Project/googlebooks-eng-all-2gram-20120701-al': No such file or directory
gzip: /home/mz342/Project/googlebooks-eng-all-2gram-20120701-am: No space left on device
/home/mz342/Project/googlebooks-eng-all-2gram-20120701-am.gz
2gram
computer
Traceback (most recent call last):
  File "gramExtractor.py", line 16, in <module>
    f = open(fileName,"r")
IOError: [Errno 2] No such file or directory: '/home/mz342/Project/googlebooks-eng-all-2gram-20120701-am'
mouse
Traceback (most recent call last):
  File "gramExtractor.py", line 16, in <module>
    f = open(fileName,"r")
IOError: [Errno 2] No such file or directory: '/home/mz342/Project/googlebooks-eng-all-2gram-20120701-am'
dear
Traceback (most recent call last):
  File "gramExtractor.py", line 16, in <module>
    f = open(fileName,"r")
IOError: [Errno 2] No such file or directory: '/home/mz342/Project/googlebooks-eng-all-2gram-20120701-am'
do
Traceback (most recent call last):
  File "gramExtractor.py", line 16, in <module>
    f = open(fileName,"r")
IOError: [Errno 2] No such file or directory: '/home/mz342/Project/googlebooks-eng-all-2gram-20120701-am'
express
Traceback (most recent call last):
  File "gramExtractor.py", line 16, in <module>
    f = open(fileName,"r")
IOError: [Errno 2] No such file or directory: '/home/mz342/Project/googlebooks-eng-all-2gram-20120701-am'
impress
Traceback (most recent call last):
  File "gramExtractor.py", line 16, in <module>
    f = open(fileName,"r")
IOError: [Errno 2] No such file or directory: '/home/mz342/Project/googlebooks-eng-all-2gram-20120701-am'
rm: cannot remove `/home/mz342/Project/googlebooks-eng-all-2gram-20120701-am': No such file or directory
gzip: /home/mz342/Project/googlebooks-eng-all-2gram-20120701-an: No space left on device
/home/mz342/Project/googlebooks-eng-all-2gram-20120701-an.gz
2gram
computer
Traceback (most recent call last):
  File "gramExtractor.py", line 16, in <module>
    f = open(fileName,"r")
IOError: [Errno 2] No such file or directory: '/home/mz342/Project/googlebooks-eng-all-2gram-20120701-an'
mouse
Traceback (most recent call last):
  File "gramExtractor.py", line 16, in <module>
    f = open(fileName,"r")
IOError: [Errno 2] No such file or directory: '/home/mz342/Project/googlebooks-eng-all-2gram-20120701-an'
dear
Traceback (most recent call last):
  File "gramExtractor.py", line 16, in <module>
    f = open(fileName,"r")
IOError: [Errno 2] No such file or directory: '/home/mz342/Project/googlebooks-eng-all-2gram-20120701-an'
do
Traceback (most recent call last):
  File "gramExtractor.py", line 16, in <module>
    f = open(fileName,"r")
IOError: [Errno 2] No such file or directory: '/home/mz342/Project/googlebooks-eng-all-2gram-20120701-an'
express
Traceback (most recent call last):
  File "gramExtractor.py", line 16, in <module>
    f = open(fileName,"r")
IOError: [Errno 2] No such file or directory: '/home/mz342/Project/googlebooks-eng-all-2gram-20120701-an'
impress
Traceback (most recent call last):
  File "gramExtractor.py", line 16, in <module>
    f = open(fileName,"r")
IOError: [Errno 2] No such file or directory: '/home/mz342/Project/googlebooks-eng-all-2gram-20120701-an'
rm: cannot remove `/home/mz342/Project/googlebooks-eng-all-2gram-20120701-an': No such file or directory
gzip: /home/mz342/Project/googlebooks-eng-all-2gram-20120701-ao: No space left on device
/home/mz342/Project/googlebooks-eng-all-2gram-20120701-ao.gz
2gram
computer
Traceback (most recent call last):
  File "gramExtractor.py", line 16, in <module>
    f = open(fileName,"r")
IOError: [Errno 2] No such file or directory: '/home/mz342/Project/googlebooks-eng-all-2gram-20120701-ao'
mouse
Traceback (most recent call last):
  File "gramExtractor.py", line 16, in <module>
    f = open(fileName,"r")
IOError: [Errno 2] No such file or directory: '/home/mz342/Project/googlebooks-eng-all-2gram-20120701-ao'
dear
Traceback (most recent call last):
  File "gramExtractor.py", line 16, in <module>
    f = open(fileName,"r")
IOError: [Errno 2] No such file or directory: '/home/mz342/Project/googlebooks-eng-all-2gram-20120701-ao'
do
Traceback (most recent call last):
  File "gramExtractor.py", line 16, in <module>
    f = open(fileName,"r")
IOError: [Errno 2] No such file or directory: '/home/mz342/Project/googlebooks-eng-all-2gram-20120701-ao'
express
Traceback (most recent call last):
  File "gramExtractor.py", line 16, in <module>
    f = open(fileName,"r")
IOError: [Errno 2] No such file or directory: '/home/mz342/Project/googlebooks-eng-all-2gram-20120701-ao'
impress
Traceback (most recent call last):
  File "gramExtractor.py", line 16, in <module>
    f = open(fileName,"r")
IOError: [Errno 2] No such file or directory: '/home/mz342/Project/googlebooks-eng-all-2gram-20120701-ao'
rm: cannot remove `/home/mz342/Project/googlebooks-eng-all-2gram-20120701-ao': No such file or directory
gzip: /home/mz342/Project/googlebooks-eng-all-2gram-20120701-ap: No space left on device
/home/mz342/Project/googlebooks-eng-all-2gram-20120701-ap.gz
2gram
computer
Traceback (most recent call last):
  File "gramExtractor.py", line 16, in <module>
    f = open(fileName,"r")
IOError: [Errno 2] No such file or directory: '/home/mz342/Project/googlebooks-eng-all-2gram-20120701-ap'
mouse
Traceback (most recent call last):
  File "gramExtractor.py", line 16, in <module>
    f = open(fileName,"r")
IOError: [Errno 2] No such file or directory: '/home/mz342/Project/googlebooks-eng-all-2gram-20120701-ap'
dear
Traceback (most recent call last):
  File "gramExtractor.py", line 16, in <module>
    f = open(fileName,"r")
IOError: [Errno 2] No such file or directory: '/home/mz342/Project/googlebooks-eng-all-2gram-20120701-ap'
do
Traceback (most recent call last):
  File "gramExtractor.py", line 16, in <module>
    f = open(fileName,"r")
IOError: [Errno 2] No such file or directory: '/home/mz342/Project/googlebooks-eng-all-2gram-20120701-ap'
express
Traceback (most recent call last):
  File "gramExtractor.py", line 16, in <module>
    f = open(fileName,"r")
IOError: [Errno 2] No such file or directory: '/home/mz342/Project/googlebooks-eng-all-2gram-20120701-ap'
impress
Traceback (most recent call last):
  File "gramExtractor.py", line 16, in <module>
    f = open(fileName,"r")
IOError: [Errno 2] No such file or directory: '/home/mz342/Project/googlebooks-eng-all-2gram-20120701-ap'
rm: cannot remove `/home/mz342/Project/googlebooks-eng-all-2gram-20120701-ap': No such file or directory
gzip: /home/mz342/Project/googlebooks-eng-all-2gram-20120701-aq: No space left on device
/home/mz342/Project/googlebooks-eng-all-2gram-20120701-aq.gz
2gram
computer
Traceback (most recent call last):
  File "gramExtractor.py", line 16, in <module>
    f = open(fileName,"r")
IOError: [Errno 2] No such file or directory: '/home/mz342/Project/googlebooks-eng-all-2gram-20120701-aq'
mouse
Traceback (most recent call last):
  File "gramExtractor.py", line 16, in <module>
    f = open(fileName,"r")
IOError: [Errno 2] No such file or directory: '/home/mz342/Project/googlebooks-eng-all-2gram-20120701-aq'
dear
Traceback (most recent call last):
  File "gramExtractor.py", line 16, in <module>
    f = open(fileName,"r")
IOError: [Errno 2] No such file or directory: '/home/mz342/Project/googlebooks-eng-all-2gram-20120701-aq'
do
Traceback (most recent call last):
  File "gramExtractor.py", line 16, in <module>
    f = open(fileName,"r")
IOError: [Errno 2] No such file or directory: '/home/mz342/Project/googlebooks-eng-all-2gram-20120701-aq'
express
Traceback (most recent call last):
  File "gramExtractor.py", line 16, in <module>
    f = open(fileName,"r")
IOError: [Errno 2] No such file or directory: '/home/mz342/Project/googlebooks-eng-all-2gram-20120701-aq'
impress
Traceback (most recent call last):
  File "gramExtractor.py", line 16, in <module>
    f = open(fileName,"r")
IOError: [Errno 2] No such file or directory: '/home/mz342/Project/googlebooks-eng-all-2gram-20120701-aq'
rm: cannot remove `/home/mz342/Project/googlebooks-eng-all-2gram-20120701-aq': No such file or directory
gzip: /home/mz342/Project/googlebooks-eng-all-2gram-20120701-ar: No space left on device
/home/mz342/Project/googlebooks-eng-all-2gram-20120701-ar.gz
2gram
computer
Traceback (most recent call last):
  File "gramExtractor.py", line 16, in <module>
    f = open(fileName,"r")
IOError: [Errno 2] No such file or directory: '/home/mz342/Project/googlebooks-eng-all-2gram-20120701-ar'
mouse
Traceback (most recent call last):
  File "gramExtractor.py", line 16, in <module>
    f = open(fileName,"r")
IOError: [Errno 2] No such file or directory: '/home/mz342/Project/googlebooks-eng-all-2gram-20120701-ar'
dear
Traceback (most recent call last):
  File "gramExtractor.py", line 16, in <module>
    f = open(fileName,"r")
IOError: [Errno 2] No such file or directory: '/home/mz342/Project/googlebooks-eng-all-2gram-20120701-ar'
do
Traceback (most recent call last):
  File "gramExtractor.py", line 16, in <module>
    f = open(fileName,"r")
IOError: [Errno 2] No such file or directory: '/home/mz342/Project/googlebooks-eng-all-2gram-20120701-ar'
express
Traceback (most recent call last):
  File "gramExtractor.py", line 16, in <module>
    f = open(fileName,"r")
IOError: [Errno 2] No such file or directory: '/home/mz342/Project/googlebooks-eng-all-2gram-20120701-ar'
impress
Traceback (most recent call last):
  File "gramExtractor.py", line 16, in <module>
    f = open(fileName,"r")
IOError: [Errno 2] No such file or directory: '/home/mz342/Project/googlebooks-eng-all-2gram-20120701-ar'
rm: cannot remove `/home/mz342/Project/googlebooks-eng-all-2gram-20120701-ar': No such file or directory
gzip: /home/mz342/Project/googlebooks-eng-all-2gram-20120701-as: No space left on device
/home/mz342/Project/googlebooks-eng-all-2gram-20120701-as.gz
2gram
computer
Traceback (most recent call last):
  File "gramExtractor.py", line 16, in <module>
    f = open(fileName,"r")
IOError: [Errno 2] No such file or directory: '/home/mz342/Project/googlebooks-eng-all-2gram-20120701-as'
mouse
Traceback (most recent call last):
  File "gramExtractor.py", line 16, in <module>
    f = open(fileName,"r")
IOError: [Errno 2] No such file or directory: '/home/mz342/Project/googlebooks-eng-all-2gram-20120701-as'
dear
Traceback (most recent call last):
  File "gramExtractor.py", line 16, in <module>
    f = open(fileName,"r")
IOError: [Errno 2] No such file or directory: '/home/mz342/Project/googlebooks-eng-all-2gram-20120701-as'
do
Traceback (most recent call last):
  File "gramExtractor.py", line 16, in <module>
    f = open(fileName,"r")
IOError: [Errno 2] No such file or directory: '/home/mz342/Project/googlebooks-eng-all-2gram-20120701-as'
express
Traceback (most recent call last):
  File "gramExtractor.py", line 16, in <module>
    f = open(fileName,"r")
IOError: [Errno 2] No such file or directory: '/home/mz342/Project/googlebooks-eng-all-2gram-20120701-as'
impress
Traceback (most recent call last):
  File "gramExtractor.py", line 16, in <module>
    f = open(fileName,"r")
IOError: [Errno 2] No such file or directory: '/home/mz342/Project/googlebooks-eng-all-2gram-20120701-as'
rm: cannot remove `/home/mz342/Project/googlebooks-eng-all-2gram-20120701-as': No such file or directory
gzip: /home/mz342/Project/googlebooks-eng-all-2gram-20120701-at: No space left on device
/home/mz342/Project/googlebooks-eng-all-2gram-20120701-at.gz
2gram
computer
Traceback (most recent call last):
  File "gramExtractor.py", line 16, in <module>
    f = open(fileName,"r")
IOError: [Errno 2] No such file or directory: '/home/mz342/Project/googlebooks-eng-all-2gram-20120701-at'
mouse
Traceback (most recent call last):
  File "gramExtractor.py", line 16, in <module>
    f = open(fileName,"r")
IOError: [Errno 2] No such file or directory: '/home/mz342/Project/googlebooks-eng-all-2gram-20120701-at'
dear
Traceback (most recent call last):
  File "gramExtractor.py", line 16, in <module>
    f = open(fileName,"r")
IOError: [Errno 2] No such file or directory: '/home/mz342/Project/googlebooks-eng-all-2gram-20120701-at'
do
Traceback (most recent call last):
  File "gramExtractor.py", line 16, in <module>
    f = open(fileName,"r")
IOError: [Errno 2] No such file or directory: '/home/mz342/Project/googlebooks-eng-all-2gram-20120701-at'
express
Traceback (most recent call last):
  File "gramExtractor.py", line 16, in <module>
    f = open(fileName,"r")
IOError: [Errno 2] No such file or directory: '/home/mz342/Project/googlebooks-eng-all-2gram-20120701-at'
impress
Traceback (most recent call last):
  File "gramExtractor.py", line 16, in <module>
    f = open(fileName,"r")
IOError: [Errno 2] No such file or directory: '/home/mz342/Project/googlebooks-eng-all-2gram-20120701-at'
rm: cannot remove `/home/mz342/Project/googlebooks-eng-all-2gram-20120701-at': No such file or directory
gzip: /home/mz342/Project/googlebooks-eng-all-2gram-20120701-au: No space left on device
/home/mz342/Project/googlebooks-eng-all-2gram-20120701-au.gz
2gram
computer
Traceback (most recent call last):
  File "gramExtractor.py", line 16, in <module>
    f = open(fileName,"r")
IOError: [Errno 2] No such file or directory: '/home/mz342/Project/googlebooks-eng-all-2gram-20120701-au'
mouse
Traceback (most recent call last):
  File "gramExtractor.py", line 16, in <module>
    f = open(fileName,"r")
IOError: [Errno 2] No such file or directory: '/home/mz342/Project/googlebooks-eng-all-2gram-20120701-au'
dear
Traceback (most recent call last):
  File "gramExtractor.py", line 16, in <module>
    f = open(fileName,"r")
IOError: [Errno 2] No such file or directory: '/home/mz342/Project/googlebooks-eng-all-2gram-20120701-au'
do
Traceback (most recent call last):
  File "gramExtractor.py", line 16, in <module>
    f = open(fileName,"r")
IOError: [Errno 2] No such file or directory: '/home/mz342/Project/googlebooks-eng-all-2gram-20120701-au'
express
Traceback (most recent call last):
  File "gramExtractor.py", line 16, in <module>
    f = open(fileName,"r")
IOError: [Errno 2] No such file or directory: '/home/mz342/Project/googlebooks-eng-all-2gram-20120701-au'
impress
Traceback (most recent call last):
  File "gramExtractor.py", line 16, in <module>
    f = open(fileName,"r")
IOError: [Errno 2] No such file or directory: '/home/mz342/Project/googlebooks-eng-all-2gram-20120701-au'
rm: cannot remove `/home/mz342/Project/googlebooks-eng-all-2gram-20120701-au': No such file or directory
gzip: /home/mz342/Project/googlebooks-eng-all-2gram-20120701-av: No space left on device
/home/mz342/Project/googlebooks-eng-all-2gram-20120701-av.gz
2gram
computer
Traceback (most recent call last):
  File "gramExtractor.py", line 16, in <module>
    f = open(fileName,"r")
IOError: [Errno 2] No such file or directory: '/home/mz342/Project/googlebooks-eng-all-2gram-20120701-av'
mouse
Traceback (most recent call last):
  File "gramExtractor.py", line 16, in <module>
    f = open(fileName,"r")
IOError: [Errno 2] No such file or directory: '/home/mz342/Project/googlebooks-eng-all-2gram-20120701-av'
dear
Traceback (most recent call last):
  File "gramExtractor.py", line 16, in <module>
    f = open(fileName,"r")
IOError: [Errno 2] No such file or directory: '/home/mz342/Project/googlebooks-eng-all-2gram-20120701-av'
do
Traceback (most recent call last):
  File "gramExtractor.py", line 16, in <module>
    f = open(fileName,"r")
IOError: [Errno 2] No such file or directory: '/home/mz342/Project/googlebooks-eng-all-2gram-20120701-av'
express
Traceback (most recent call last):
  File "gramExtractor.py", line 16, in <module>
    f = open(fileName,"r")
IOError: [Errno 2] No such file or directory: '/home/mz342/Project/googlebooks-eng-all-2gram-20120701-av'
impress
Traceback (most recent call last):
  File "gramExtractor.py", line 16, in <module>
    f = open(fileName,"r")
IOError: [Errno 2] No such file or directory: '/home/mz342/Project/googlebooks-eng-all-2gram-20120701-av'
rm: cannot remove `/home/mz342/Project/googlebooks-eng-all-2gram-20120701-av': No such file or directory
gzip: /home/mz342/Project/googlebooks-eng-all-2gram-20120701-aw: No space left on device
/home/mz342/Project/googlebooks-eng-all-2gram-20120701-aw.gz
2gram
computer
Traceback (most recent call last):
  File "gramExtractor.py", line 16, in <module>
    f = open(fileName,"r")
IOError: [Errno 2] No such file or directory: '/home/mz342/Project/googlebooks-eng-all-2gram-20120701-aw'
mouse
Traceback (most recent call last):
  File "gramExtractor.py", line 16, in <module>
    f = open(fileName,"r")
IOError: [Errno 2] No such file or directory: '/home/mz342/Project/googlebooks-eng-all-2gram-20120701-aw'
dear
Traceback (most recent call last):
  File "gramExtractor.py", line 16, in <module>
    f = open(fileName,"r")
IOError: [Errno 2] No such file or directory: '/home/mz342/Project/googlebooks-eng-all-2gram-20120701-aw'
do
Traceback (most recent call last):
  File "gramExtractor.py", line 16, in <module>
    f = open(fileName,"r")
IOError: [Errno 2] No such file or directory: '/home/mz342/Project/googlebooks-eng-all-2gram-20120701-aw'
express
Traceback (most recent call last):
  File "gramExtractor.py", line 16, in <module>
    f = open(fileName,"r")
IOError: [Errno 2] No such file or directory: '/home/mz342/Project/googlebooks-eng-all-2gram-20120701-aw'
impress
Traceback (most recent call last):
  File "gramExtractor.py", line 16, in <module>
    f = open(fileName,"r")
IOError: [Errno 2] No such file or directory: '/home/mz342/Project/googlebooks-eng-all-2gram-20120701-aw'
rm: cannot remove `/home/mz342/Project/googlebooks-eng-all-2gram-20120701-aw': No such file or directory
gzip: /home/mz342/Project/googlebooks-eng-all-2gram-20120701-ax: No space left on device
/home/mz342/Project/googlebooks-eng-all-2gram-20120701-ax.gz
2gram
computer
Traceback (most recent call last):
  File "gramExtractor.py", line 16, in <module>
    f = open(fileName,"r")
IOError: [Errno 2] No such file or directory: '/home/mz342/Project/googlebooks-eng-all-2gram-20120701-ax'
mouse
Traceback (most recent call last):
  File "gramExtractor.py", line 16, in <module>
    f = open(fileName,"r")
IOError: [Errno 2] No such file or directory: '/home/mz342/Project/googlebooks-eng-all-2gram-20120701-ax'
dear
Traceback (most recent call last):
  File "gramExtractor.py", line 16, in <module>
    f = open(fileName,"r")
IOError: [Errno 2] No such file or directory: '/home/mz342/Project/googlebooks-eng-all-2gram-20120701-ax'
do
Traceback (most recent call last):
  File "gramExtractor.py", line 16, in <module>
    f = open(fileName,"r")
IOError: [Errno 2] No such file or directory: '/home/mz342/Project/googlebooks-eng-all-2gram-20120701-ax'
express
Traceback (most recent call last):
  File "gramExtractor.py", line 16, in <module>
    f = open(fileName,"r")
IOError: [Errno 2] No such file or directory: '/home/mz342/Project/googlebooks-eng-all-2gram-20120701-ax'
impress
Traceback (most recent call last):
  File "gramExtractor.py", line 16, in <module>
    f = open(fileName,"r")
IOError: [Errno 2] No such file or directory: '/home/mz342/Project/googlebooks-eng-all-2gram-20120701-ax'
rm: cannot remove `/home/mz342/Project/googlebooks-eng-all-2gram-20120701-ax': No such file or directory
gzip: /home/mz342/Project/googlebooks-eng-all-2gram-20120701-ay: No space left on device
/home/mz342/Project/googlebooks-eng-all-2gram-20120701-ay.gz
2gram
computer
Traceback (most recent call last):
  File "gramExtractor.py", line 16, in <module>
    f = open(fileName,"r")
IOError: [Errno 2] No such file or directory: '/home/mz342/Project/googlebooks-eng-all-2gram-20120701-ay'
mouse
Traceback (most recent call last):
  File "gramExtractor.py", line 16, in <module>
    f = open(fileName,"r")
IOError: [Errno 2] No such file or directory: '/home/mz342/Project/googlebooks-eng-all-2gram-20120701-ay'
dear
Traceback (most recent call last):
  File "gramExtractor.py", line 16, in <module>
    f = open(fileName,"r")
IOError: [Errno 2] No such file or directory: '/home/mz342/Project/googlebooks-eng-all-2gram-20120701-ay'
do
Traceback (most recent call last):
  File "gramExtractor.py", line 16, in <module>
    f = open(fileName,"r")
IOError: [Errno 2] No such file or directory: '/home/mz342/Project/googlebooks-eng-all-2gram-20120701-ay'
express
Traceback (most recent call last):
  File "gramExtractor.py", line 16, in <module>
    f = open(fileName,"r")
IOError: [Errno 2] No such file or directory: '/home/mz342/Project/googlebooks-eng-all-2gram-20120701-ay'
impress
Traceback (most recent call last):
  File "gramExtractor.py", line 16, in <module>
    f = open(fileName,"r")
IOError: [Errno 2] No such file or directory: '/home/mz342/Project/googlebooks-eng-all-2gram-20120701-ay'
rm: cannot remove `/home/mz342/Project/googlebooks-eng-all-2gram-20120701-ay': No such file or directory
gzip: /home/mz342/Project/googlebooks-eng-all-2gram-20120701-az: No space left on device
/home/mz342/Project/googlebooks-eng-all-2gram-20120701-az.gz
2gram
computer
Traceback (most recent call last):
  File "gramExtractor.py", line 16, in <module>
    f = open(fileName,"r")
IOError: [Errno 2] No such file or directory: '/home/mz342/Project/googlebooks-eng-all-2gram-20120701-az'
mouse
Traceback (most recent call last):
  File "gramExtractor.py", line 16, in <module>
    f = open(fileName,"r")
IOError: [Errno 2] No such file or directory: '/home/mz342/Project/googlebooks-eng-all-2gram-20120701-az'
dear
Traceback (most recent call last):
  File "gramExtractor.py", line 16, in <module>
    f = open(fileName,"r")
IOError: [Errno 2] No such file or directory: '/home/mz342/Project/googlebooks-eng-all-2gram-20120701-az'
do
Traceback (most recent call last):
  File "gramExtractor.py", line 16, in <module>
    f = open(fileName,"r")
IOError: [Errno 2] No such file or directory: '/home/mz342/Project/googlebooks-eng-all-2gram-20120701-az'
express
Traceback (most recent call last):
  File "gramExtractor.py", line 16, in <module>
    f = open(fileName,"r")
IOError: [Errno 2] No such file or directory: '/home/mz342/Project/googlebooks-eng-all-2gram-20120701-az'
impress
Traceback (most recent call last):
  File "gramExtractor.py", line 16, in <module>
    f = open(fileName,"r")
IOError: [Errno 2] No such file or directory: '/home/mz342/Project/googlebooks-eng-all-2gram-20120701-az'
rm: cannot remove `/home/mz342/Project/googlebooks-eng-all-2gram-20120701-az': No such file or directory
gzip: /home/mz342/Project/googlebooks-eng-all-2gram-20120701-ba: No space left on device
/home/mz342/Project/googlebooks-eng-all-2gram-20120701-ba.gz
2gram
computer
Traceback (most recent call last):
  File "gramExtractor.py", line 16, in <module>
    f = open(fileName,"r")
IOError: [Errno 2] No such file or directory: '/home/mz342/Project/googlebooks-eng-all-2gram-20120701-ba'
mouse
Traceback (most recent call last):
  File "gramExtractor.py", line 16, in <module>
    f = open(fileName,"r")
IOError: [Errno 2] No such file or directory: '/home/mz342/Project/googlebooks-eng-all-2gram-20120701-ba'
dear
Traceback (most recent call last):
  File "gramExtractor.py", line 16, in <module>
    f = open(fileName,"r")
IOError: [Errno 2] No such file or directory: '/home/mz342/Project/googlebooks-eng-all-2gram-20120701-ba'
do
Traceback (most recent call last):
  File "gramExtractor.py", line 16, in <module>
    f = open(fileName,"r")
IOError: [Errno 2] No such file or directory: '/home/mz342/Project/googlebooks-eng-all-2gram-20120701-ba'
express
Traceback (most recent call last):
  File "gramExtractor.py", line 16, in <module>
    f = open(fileName,"r")
IOError: [Errno 2] No such file or directory: '/home/mz342/Project/googlebooks-eng-all-2gram-20120701-ba'
impress
Traceback (most recent call last):
  File "gramExtractor.py", line 16, in <module>
    f = open(fileName,"r")
IOError: [Errno 2] No such file or directory: '/home/mz342/Project/googlebooks-eng-all-2gram-20120701-ba'
rm: cannot remove `/home/mz342/Project/googlebooks-eng-all-2gram-20120701-ba': No such file or directory
gzip: /home/mz342/Project/googlebooks-eng-all-2gram-20120701-bb: No space left on device
/home/mz342/Project/googlebooks-eng-all-2gram-20120701-bb.gz
2gram
computer
Traceback (most recent call last):
  File "gramExtractor.py", line 16, in <module>
    f = open(fileName,"r")
IOError: [Errno 2] No such file or directory: '/home/mz342/Project/googlebooks-eng-all-2gram-20120701-bb'
mouse
Traceback (most recent call last):
  File "gramExtractor.py", line 16, in <module>
    f = open(fileName,"r")
IOError: [Errno 2] No such file or directory: '/home/mz342/Project/googlebooks-eng-all-2gram-20120701-bb'
dear
Traceback (most recent call last):
  File "gramExtractor.py", line 16, in <module>
    f = open(fileName,"r")
IOError: [Errno 2] No such file or directory: '/home/mz342/Project/googlebooks-eng-all-2gram-20120701-bb'
do
Traceback (most recent call last):
  File "gramExtractor.py", line 16, in <module>
    f = open(fileName,"r")
IOError: [Errno 2] No such file or directory: '/home/mz342/Project/googlebooks-eng-all-2gram-20120701-bb'
express
Traceback (most recent call last):
  File "gramExtractor.py", line 16, in <module>
    f = open(fileName,"r")
IOError: [Errno 2] No such file or directory: '/home/mz342/Project/googlebooks-eng-all-2gram-20120701-bb'
impress
Traceback (most recent call last):
  File "gramExtractor.py", line 16, in <module>
    f = open(fileName,"r")
IOError: [Errno 2] No such file or directory: '/home/mz342/Project/googlebooks-eng-all-2gram-20120701-bb'
rm: cannot remove `/home/mz342/Project/googlebooks-eng-all-2gram-20120701-bb': No such file or directory
gzip: /home/mz342/Project/googlebooks-eng-all-2gram-20120701-bc: No space left on device
/home/mz342/Project/googlebooks-eng-all-2gram-20120701-bc.gz
2gram
computer
Traceback (most recent call last):
  File "gramExtractor.py", line 16, in <module>
    f = open(fileName,"r")
IOError: [Errno 2] No such file or directory: '/home/mz342/Project/googlebooks-eng-all-2gram-20120701-bc'
mouse
Traceback (most recent call last):
  File "gramExtractor.py", line 16, in <module>
    f = open(fileName,"r")
IOError: [Errno 2] No such file or directory: '/home/mz342/Project/googlebooks-eng-all-2gram-20120701-bc'
dear
Traceback (most recent call last):
  File "gramExtractor.py", line 16, in <module>
    f = open(fileName,"r")
IOError: [Errno 2] No such file or directory: '/home/mz342/Project/googlebooks-eng-all-2gram-20120701-bc'
do
Traceback (most recent call last):
  File "gramExtractor.py", line 16, in <module>
    f = open(fileName,"r")
IOError: [Errno 2] No such file or directory: '/home/mz342/Project/googlebooks-eng-all-2gram-20120701-bc'
express
Traceback (most recent call last):
  File "gramExtractor.py", line 16, in <module>
    f = open(fileName,"r")
IOError: [Errno 2] No such file or directory: '/home/mz342/Project/googlebooks-eng-all-2gram-20120701-bc'
impress
Traceback (most recent call last):
  File "gramExtractor.py", line 16, in <module>
    f = open(fileName,"r")
IOError: [Errno 2] No such file or directory: '/home/mz342/Project/googlebooks-eng-all-2gram-20120701-bc'
rm: cannot remove `/home/mz342/Project/googlebooks-eng-all-2gram-20120701-bc': No such file or directory
gzip: /home/mz342/Project/googlebooks-eng-all-2gram-20120701-bd: No space left on device
/home/mz342/Project/googlebooks-eng-all-2gram-20120701-bd.gz
2gram
computer
Traceback (most recent call last):
  File "gramExtractor.py", line 16, in <module>
    f = open(fileName,"r")
IOError: [Errno 2] No such file or directory: '/home/mz342/Project/googlebooks-eng-all-2gram-20120701-bd'
mouse
Traceback (most recent call last):
  File "gramExtractor.py", line 16, in <module>
    f = open(fileName,"r")
IOError: [Errno 2] No such file or directory: '/home/mz342/Project/googlebooks-eng-all-2gram-20120701-bd'
dear
Traceback (most recent call last):
  File "gramExtractor.py", line 16, in <module>
    f = open(fileName,"r")
IOError: [Errno 2] No such file or directory: '/home/mz342/Project/googlebooks-eng-all-2gram-20120701-bd'
do
Traceback (most recent call last):
  File "gramExtractor.py", line 16, in <module>
    f = open(fileName,"r")
IOError: [Errno 2] No such file or directory: '/home/mz342/Project/googlebooks-eng-all-2gram-20120701-bd'
express
Traceback (most recent call last):
  File "gramExtractor.py", line 16, in <module>
    f = open(fileName,"r")
IOError: [Errno 2] No such file or directory: '/home/mz342/Project/googlebooks-eng-all-2gram-20120701-bd'
impress
Traceback (most recent call last):
  File "gramExtractor.py", line 16, in <module>
    f = open(fileName,"r")
IOError: [Errno 2] No such file or directory: '/home/mz342/Project/googlebooks-eng-all-2gram-20120701-bd'
rm: cannot remove `/home/mz342/Project/googlebooks-eng-all-2gram-20120701-bd': No such file or directory
gzip: /home/mz342/Project/googlebooks-eng-all-2gram-20120701-be: No space left on device
/home/mz342/Project/googlebooks-eng-all-2gram-20120701-be.gz
2gram
computer
Traceback (most recent call last):
  File "gramExtractor.py", line 16, in <module>
    f = open(fileName,"r")
IOError: [Errno 2] No such file or directory: '/home/mz342/Project/googlebooks-eng-all-2gram-20120701-be'
mouse
Traceback (most recent call last):
  File "gramExtractor.py", line 16, in <module>
    f = open(fileName,"r")
IOError: [Errno 2] No such file or directory: '/home/mz342/Project/googlebooks-eng-all-2gram-20120701-be'
dear
Traceback (most recent call last):
  File "gramExtractor.py", line 16, in <module>
    f = open(fileName,"r")
IOError: [Errno 2] No such file or directory: '/home/mz342/Project/googlebooks-eng-all-2gram-20120701-be'
do
Traceback (most recent call last):
  File "gramExtractor.py", line 16, in <module>
    f = open(fileName,"r")
IOError: [Errno 2] No such file or directory: '/home/mz342/Project/googlebooks-eng-all-2gram-20120701-be'
express
Traceback (most recent call last):
  File "gramExtractor.py", line 16, in <module>
    f = open(fileName,"r")
IOError: [Errno 2] No such file or directory: '/home/mz342/Project/googlebooks-eng-all-2gram-20120701-be'
impress
Traceback (most recent call last):
  File "gramExtractor.py", line 16, in <module>
    f = open(fileName,"r")
IOError: [Errno 2] No such file or directory: '/home/mz342/Project/googlebooks-eng-all-2gram-20120701-be'
rm: cannot remove `/home/mz342/Project/googlebooks-eng-all-2gram-20120701-be': No such file or directory
gzip: /home/mz342/Project/googlebooks-eng-all-2gram-20120701-bf: No space left on device
/home/mz342/Project/googlebooks-eng-all-2gram-20120701-bf.gz
2gram
computer
Traceback (most recent call last):
  File "gramExtractor.py", line 16, in <module>
    f = open(fileName,"r")
IOError: [Errno 2] No such file or directory: '/home/mz342/Project/googlebooks-eng-all-2gram-20120701-bf'
mouse
Traceback (most recent call last):
  File "gramExtractor.py", line 16, in <module>
    f = open(fileName,"r")
IOError: [Errno 2] No such file or directory: '/home/mz342/Project/googlebooks-eng-all-2gram-20120701-bf'
dear
Traceback (most recent call last):
  File "gramExtractor.py", line 16, in <module>
    f = open(fileName,"r")
IOError: [Errno 2] No such file or directory: '/home/mz342/Project/googlebooks-eng-all-2gram-20120701-bf'
do
Traceback (most recent call last):
  File "gramExtractor.py", line 16, in <module>
    f = open(fileName,"r")
IOError: [Errno 2] No such file or directory: '/home/mz342/Project/googlebooks-eng-all-2gram-20120701-bf'
express
Traceback (most recent call last):
  File "gramExtractor.py", line 16, in <module>
    f = open(fileName,"r")
IOError: [Errno 2] No such file or directory: '/home/mz342/Project/googlebooks-eng-all-2gram-20120701-bf'
impress
Traceback (most recent call last):
  File "gramExtractor.py", line 16, in <module>
    f = open(fileName,"r")
IOError: [Errno 2] No such file or directory: '/home/mz342/Project/googlebooks-eng-all-2gram-20120701-bf'
rm: cannot remove `/home/mz342/Project/googlebooks-eng-all-2gram-20120701-bf': No such file or directory
gzip: /home/mz342/Project/googlebooks-eng-all-2gram-20120701-bg: No space left on device
/home/mz342/Project/googlebooks-eng-all-2gram-20120701-bg.gz
2gram
computer
Traceback (most recent call last):
  File "gramExtractor.py", line 16, in <module>
    f = open(fileName,"r")
IOError: [Errno 2] No such file or directory: '/home/mz342/Project/googlebooks-eng-all-2gram-20120701-bg'
mouse
Traceback (most recent call last):
  File "gramExtractor.py", line 16, in <module>
    f = open(fileName,"r")
IOError: [Errno 2] No such file or directory: '/home/mz342/Project/googlebooks-eng-all-2gram-20120701-bg'
dear
Traceback (most recent call last):
  File "gramExtractor.py", line 16, in <module>
    f = open(fileName,"r")
IOError: [Errno 2] No such file or directory: '/home/mz342/Project/googlebooks-eng-all-2gram-20120701-bg'
do
Traceback (most recent call last):
  File "gramExtractor.py", line 16, in <module>
    f = open(fileName,"r")
IOError: [Errno 2] No such file or directory: '/home/mz342/Project/googlebooks-eng-all-2gram-20120701-bg'
express
Traceback (most recent call last):
  File "gramExtractor.py", line 16, in <module>
    f = open(fileName,"r")
IOError: [Errno 2] No such file or directory: '/home/mz342/Project/googlebooks-eng-all-2gram-20120701-bg'
impress
Traceback (most recent call last):
  File "gramExtractor.py", line 16, in <module>
    f = open(fileName,"r")
IOError: [Errno 2] No such file or directory: '/home/mz342/Project/googlebooks-eng-all-2gram-20120701-bg'
rm: cannot remove `/home/mz342/Project/googlebooks-eng-all-2gram-20120701-bg': No such file or directory
gzip: /home/mz342/Project/googlebooks-eng-all-2gram-20120701-b_: No space left on device
/home/mz342/Project/googlebooks-eng-all-2gram-20120701-b_.gz
2gram
computer
Traceback (most recent call last):
  File "gramExtractor.py", line 16, in <module>
    f = open(fileName,"r")
IOError: [Errno 2] No such file or directory: '/home/mz342/Project/googlebooks-eng-all-2gram-20120701-b_'
mouse
Traceback (most recent call last):
  File "gramExtractor.py", line 16, in <module>
    f = open(fileName,"r")
IOError: [Errno 2] No such file or directory: '/home/mz342/Project/googlebooks-eng-all-2gram-20120701-b_'
dear
Traceback (most recent call last):
  File "gramExtractor.py", line 16, in <module>
    f = open(fileName,"r")
IOError: [Errno 2] No such file or directory: '/home/mz342/Project/googlebooks-eng-all-2gram-20120701-b_'
do
Traceback (most recent call last):
  File "gramExtractor.py", line 16, in <module>
    f = open(fileName,"r")
IOError: [Errno 2] No such file or directory: '/home/mz342/Project/googlebooks-eng-all-2gram-20120701-b_'
express
Traceback (most recent call last):
  File "gramExtractor.py", line 16, in <module>
    f = open(fileName,"r")
IOError: [Errno 2] No such file or directory: '/home/mz342/Project/googlebooks-eng-all-2gram-20120701-b_'
impress
Traceback (most recent call last):
  File "gramExtractor.py", line 16, in <module>
    f = open(fileName,"r")
IOError: [Errno 2] No such file or directory: '/home/mz342/Project/googlebooks-eng-all-2gram-20120701-b_'
rm: cannot remove `/home/mz342/Project/googlebooks-eng-all-2gram-20120701-b_': No such file or directory
gzip: /home/mz342/Project/googlebooks-eng-all-2gram-20120701-bh: No space left on device
/home/mz342/Project/googlebooks-eng-all-2gram-20120701-bh.gz
2gram
computer
Traceback (most recent call last):
  File "gramExtractor.py", line 16, in <module>
    f = open(fileName,"r")
IOError: [Errno 2] No such file or directory: '/home/mz342/Project/googlebooks-eng-all-2gram-20120701-bh'
mouse
Traceback (most recent call last):
  File "gramExtractor.py", line 16, in <module>
    f = open(fileName,"r")
IOError: [Errno 2] No such file or directory: '/home/mz342/Project/googlebooks-eng-all-2gram-20120701-bh'
dear
Traceback (most recent call last):
  File "gramExtractor.py", line 16, in <module>
    f = open(fileName,"r")
IOError: [Errno 2] No such file or directory: '/home/mz342/Project/googlebooks-eng-all-2gram-20120701-bh'
do
Traceback (most recent call last):
  File "gramExtractor.py", line 16, in <module>
    f = open(fileName,"r")
IOError: [Errno 2] No such file or directory: '/home/mz342/Project/googlebooks-eng-all-2gram-20120701-bh'
express
Traceback (most recent call last):
  File "gramExtractor.py", line 16, in <module>
    f = open(fileName,"r")
IOError: [Errno 2] No such file or directory: '/home/mz342/Project/googlebooks-eng-all-2gram-20120701-bh'
impress
Traceback (most recent call last):
  File "gramExtractor.py", line 16, in <module>
    f = open(fileName,"r")
IOError: [Errno 2] No such file or directory: '/home/mz342/Project/googlebooks-eng-all-2gram-20120701-bh'
rm: cannot remove `/home/mz342/Project/googlebooks-eng-all-2gram-20120701-bh': No such file or directory
gzip: /home/mz342/Project/googlebooks-eng-all-2gram-20120701-bi: No space left on device
/home/mz342/Project/googlebooks-eng-all-2gram-20120701-bi.gz
2gram
computer
Traceback (most recent call last):
  File "gramExtractor.py", line 16, in <module>
    f = open(fileName,"r")
IOError: [Errno 2] No such file or directory: '/home/mz342/Project/googlebooks-eng-all-2gram-20120701-bi'
mouse
Traceback (most recent call last):
  File "gramExtractor.py", line 16, in <module>
    f = open(fileName,"r")
IOError: [Errno 2] No such file or directory: '/home/mz342/Project/googlebooks-eng-all-2gram-20120701-bi'
dear
Traceback (most recent call last):
  File "gramExtractor.py", line 16, in <module>
    f = open(fileName,"r")
IOError: [Errno 2] No such file or directory: '/home/mz342/Project/googlebooks-eng-all-2gram-20120701-bi'
do
Traceback (most recent call last):
  File "gramExtractor.py", line 16, in <module>
    f = open(fileName,"r")
IOError: [Errno 2] No such file or directory: '/home/mz342/Project/googlebooks-eng-all-2gram-20120701-bi'
express
Traceback (most recent call last):
  File "gramExtractor.py", line 16, in <module>
    f = open(fileName,"r")
IOError: [Errno 2] No such file or directory: '/home/mz342/Project/googlebooks-eng-all-2gram-20120701-bi'
impress
Traceback (most recent call last):
  File "gramExtractor.py", line 16, in <module>
    f = open(fileName,"r")
IOError: [Errno 2] No such file or directory: '/home/mz342/Project/googlebooks-eng-all-2gram-20120701-bi'
rm: cannot remove `/home/mz342/Project/googlebooks-eng-all-2gram-20120701-bi': No such file or directory
gzip: /home/mz342/Project/googlebooks-eng-all-2gram-20120701-bj: No space left on device
/home/mz342/Project/googlebooks-eng-all-2gram-20120701-bj.gz
2gram
computer
Traceback (most recent call last):
  File "gramExtractor.py", line 16, in <module>
    f = open(fileName,"r")
IOError: [Errno 2] No such file or directory: '/home/mz342/Project/googlebooks-eng-all-2gram-20120701-bj'
mouse
Traceback (most recent call last):
  File "gramExtractor.py", line 16, in <module>
    f = open(fileName,"r")
IOError: [Errno 2] No such file or directory: '/home/mz342/Project/googlebooks-eng-all-2gram-20120701-bj'
dear
Traceback (most recent call last):
  File "gramExtractor.py", line 16, in <module>
    f = open(fileName,"r")
IOError: [Errno 2] No such file or directory: '/home/mz342/Project/googlebooks-eng-all-2gram-20120701-bj'
do
Traceback (most recent call last):
  File "gramExtractor.py", line 16, in <module>
    f = open(fileName,"r")
IOError: [Errno 2] No such file or directory: '/home/mz342/Project/googlebooks-eng-all-2gram-20120701-bj'
express
Traceback (most recent call last):
  File "gramExtractor.py", line 16, in <module>
    f = open(fileName,"r")
IOError: [Errno 2] No such file or directory: '/home/mz342/Project/googlebooks-eng-all-2gram-20120701-bj'
impress
Traceback (most recent call last):
  File "gramExtractor.py", line 16, in <module>
    f = open(fileName,"r")
IOError: [Errno 2] No such file or directory: '/home/mz342/Project/googlebooks-eng-all-2gram-20120701-bj'
rm: cannot remove `/home/mz342/Project/googlebooks-eng-all-2gram-20120701-bj': No such file or directory
gzip: /home/mz342/Project/googlebooks-eng-all-2gram-20120701-bk: No space left on device
/home/mz342/Project/googlebooks-eng-all-2gram-20120701-bk.gz
2gram
computer
Traceback (most recent call last):
  File "gramExtractor.py", line 16, in <module>
    f = open(fileName,"r")
IOError: [Errno 2] No such file or directory: '/home/mz342/Project/googlebooks-eng-all-2gram-20120701-bk'
mouse
Traceback (most recent call last):
  File "gramExtractor.py", line 16, in <module>
    f = open(fileName,"r")
IOError: [Errno 2] No such file or directory: '/home/mz342/Project/googlebooks-eng-all-2gram-20120701-bk'
dear
Traceback (most recent call last):
  File "gramExtractor.py", line 16, in <module>
    f = open(fileName,"r")
IOError: [Errno 2] No such file or directory: '/home/mz342/Project/googlebooks-eng-all-2gram-20120701-bk'
do
Traceback (most recent call last):
  File "gramExtractor.py", line 16, in <module>
    f = open(fileName,"r")
IOError: [Errno 2] No such file or directory: '/home/mz342/Project/googlebooks-eng-all-2gram-20120701-bk'
express
Traceback (most recent call last):
  File "gramExtractor.py", line 16, in <module>
    f = open(fileName,"r")
IOError: [Errno 2] No such file or directory: '/home/mz342/Project/googlebooks-eng-all-2gram-20120701-bk'
impress
Traceback (most recent call last):
  File "gramExtractor.py", line 16, in <module>
    f = open(fileName,"r")
IOError: [Errno 2] No such file or directory: '/home/mz342/Project/googlebooks-eng-all-2gram-20120701-bk'
rm: cannot remove `/home/mz342/Project/googlebooks-eng-all-2gram-20120701-bk': No such file or directory
gzip: /home/mz342/Project/googlebooks-eng-all-2gram-20120701-bl: No space left on device
/home/mz342/Project/googlebooks-eng-all-2gram-20120701-bl.gz
2gram
computer
Traceback (most recent call last):
  File "gramExtractor.py", line 16, in <module>
    f = open(fileName,"r")
IOError: [Errno 2] No such file or directory: '/home/mz342/Project/googlebooks-eng-all-2gram-20120701-bl'
mouse
Traceback (most recent call last):
  File "gramExtractor.py", line 16, in <module>
    f = open(fileName,"r")
IOError: [Errno 2] No such file or directory: '/home/mz342/Project/googlebooks-eng-all-2gram-20120701-bl'
dear
Traceback (most recent call last):
  File "gramExtractor.py", line 16, in <module>
    f = open(fileName,"r")
IOError: [Errno 2] No such file or directory: '/home/mz342/Project/googlebooks-eng-all-2gram-20120701-bl'
do
Traceback (most recent call last):
  File "gramExtractor.py", line 16, in <module>
    f = open(fileName,"r")
IOError: [Errno 2] No such file or directory: '/home/mz342/Project/googlebooks-eng-all-2gram-20120701-bl'
express
Traceback (most recent call last):
  File "gramExtractor.py", line 16, in <module>
    f = open(fileName,"r")
IOError: [Errno 2] No such file or directory: '/home/mz342/Project/googlebooks-eng-all-2gram-20120701-bl'
impress
Traceback (most recent call last):
  File "gramExtractor.py", line 16, in <module>
    f = open(fileName,"r")
IOError: [Errno 2] No such file or directory: '/home/mz342/Project/googlebooks-eng-all-2gram-20120701-bl'
rm: cannot remove `/home/mz342/Project/googlebooks-eng-all-2gram-20120701-bl': No such file or directory
gzip: /home/mz342/Project/googlebooks-eng-all-2gram-20120701-bm: No space left on device
/home/mz342/Project/googlebooks-eng-all-2gram-20120701-bm.gz
2gram
computer
Traceback (most recent call last):
  File "gramExtractor.py", line 16, in <module>
    f = open(fileName,"r")
IOError: [Errno 2] No such file or directory: '/home/mz342/Project/googlebooks-eng-all-2gram-20120701-bm'
mouse
Traceback (most recent call last):
  File "gramExtractor.py", line 16, in <module>
    f = open(fileName,"r")
IOError: [Errno 2] No such file or directory: '/home/mz342/Project/googlebooks-eng-all-2gram-20120701-bm'
dear
Traceback (most recent call last):
  File "gramExtractor.py", line 16, in <module>
    f = open(fileName,"r")
IOError: [Errno 2] No such file or directory: '/home/mz342/Project/googlebooks-eng-all-2gram-20120701-bm'
do
Traceback (most recent call last):
  File "gramExtractor.py", line 16, in <module>
    f = open(fileName,"r")
IOError: [Errno 2] No such file or directory: '/home/mz342/Project/googlebooks-eng-all-2gram-20120701-bm'
express
Traceback (most recent call last):
  File "gramExtractor.py", line 16, in <module>
    f = open(fileName,"r")
IOError: [Errno 2] No such file or directory: '/home/mz342/Project/googlebooks-eng-all-2gram-20120701-bm'
impress
Traceback (most recent call last):
  File "gramExtractor.py", line 16, in <module>
    f = open(fileName,"r")
IOError: [Errno 2] No such file or directory: '/home/mz342/Project/googlebooks-eng-all-2gram-20120701-bm'
rm: cannot remove `/home/mz342/Project/googlebooks-eng-all-2gram-20120701-bm': No such file or directory
gzip: /home/mz342/Project/googlebooks-eng-all-2gram-20120701-bn: No space left on device
/home/mz342/Project/googlebooks-eng-all-2gram-20120701-bn.gz
2gram
computer
Traceback (most recent call last):
  File "gramExtractor.py", line 16, in <module>
    f = open(fileName,"r")
IOError: [Errno 2] No such file or directory: '/home/mz342/Project/googlebooks-eng-all-2gram-20120701-bn'
mouse
Traceback (most recent call last):
  File "gramExtractor.py", line 16, in <module>
    f = open(fileName,"r")
IOError: [Errno 2] No such file or directory: '/home/mz342/Project/googlebooks-eng-all-2gram-20120701-bn'
dear
Traceback (most recent call last):
  File "gramExtractor.py", line 16, in <module>
    f = open(fileName,"r")
IOError: [Errno 2] No such file or directory: '/home/mz342/Project/googlebooks-eng-all-2gram-20120701-bn'
do
Traceback (most recent call last):
  File "gramExtractor.py", line 16, in <module>
    f = open(fileName,"r")
IOError: [Errno 2] No such file or directory: '/home/mz342/Project/googlebooks-eng-all-2gram-20120701-bn'
express
Traceback (most recent call last):
  File "gramExtractor.py", line 16, in <module>
    f = open(fileName,"r")
IOError: [Errno 2] No such file or directory: '/home/mz342/Project/googlebooks-eng-all-2gram-20120701-bn'
impress
Traceback (most recent call last):
  File "gramExtractor.py", line 16, in <module>
    f = open(fileName,"r")
IOError: [Errno 2] No such file or directory: '/home/mz342/Project/googlebooks-eng-all-2gram-20120701-bn'
rm: cannot remove `/home/mz342/Project/googlebooks-eng-all-2gram-20120701-bn': No such file or directory
gzip: /home/mz342/Project/googlebooks-eng-all-2gram-20120701-bo: No space left on device
/home/mz342/Project/googlebooks-eng-all-2gram-20120701-bo.gz
2gram
computer
Traceback (most recent call last):
  File "gramExtractor.py", line 16, in <module>
    f = open(fileName,"r")
IOError: [Errno 2] No such file or directory: '/home/mz342/Project/googlebooks-eng-all-2gram-20120701-bo'
mouse
Traceback (most recent call last):
  File "gramExtractor.py", line 16, in <module>
    f = open(fileName,"r")
IOError: [Errno 2] No such file or directory: '/home/mz342/Project/googlebooks-eng-all-2gram-20120701-bo'
dear
Traceback (most recent call last):
  File "gramExtractor.py", line 16, in <module>
    f = open(fileName,"r")
IOError: [Errno 2] No such file or directory: '/home/mz342/Project/googlebooks-eng-all-2gram-20120701-bo'
do
Traceback (most recent call last):
  File "gramExtractor.py", line 16, in <module>
    f = open(fileName,"r")
IOError: [Errno 2] No such file or directory: '/home/mz342/Project/googlebooks-eng-all-2gram-20120701-bo'
express
Traceback (most recent call last):
  File "gramExtractor.py", line 16, in <module>
    f = open(fileName,"r")
IOError: [Errno 2] No such file or directory: '/home/mz342/Project/googlebooks-eng-all-2gram-20120701-bo'
impress
Traceback (most recent call last):
  File "gramExtractor.py", line 16, in <module>
    f = open(fileName,"r")
IOError: [Errno 2] No such file or directory: '/home/mz342/Project/googlebooks-eng-all-2gram-20120701-bo'
rm: cannot remove `/home/mz342/Project/googlebooks-eng-all-2gram-20120701-bo': No such file or directory
gzip: /home/mz342/Project/googlebooks-eng-all-2gram-20120701-bp: No space left on device
/home/mz342/Project/googlebooks-eng-all-2gram-20120701-bp.gz
2gram
computer
Traceback (most recent call last):
  File "gramExtractor.py", line 16, in <module>
    f = open(fileName,"r")
IOError: [Errno 2] No such file or directory: '/home/mz342/Project/googlebooks-eng-all-2gram-20120701-bp'
mouse
Traceback (most recent call last):
  File "gramExtractor.py", line 16, in <module>
    f = open(fileName,"r")
IOError: [Errno 2] No such file or directory: '/home/mz342/Project/googlebooks-eng-all-2gram-20120701-bp'
dear
Traceback (most recent call last):
  File "gramExtractor.py", line 16, in <module>
    f = open(fileName,"r")
IOError: [Errno 2] No such file or directory: '/home/mz342/Project/googlebooks-eng-all-2gram-20120701-bp'
do
Traceback (most recent call last):
  File "gramExtractor.py", line 16, in <module>
    f = open(fileName,"r")
IOError: [Errno 2] No such file or directory: '/home/mz342/Project/googlebooks-eng-all-2gram-20120701-bp'
express
Traceback (most recent call last):
  File "gramExtractor.py", line 16, in <module>
    f = open(fileName,"r")
IOError: [Errno 2] No such file or directory: '/home/mz342/Project/googlebooks-eng-all-2gram-20120701-bp'
impress
Traceback (most recent call last):
  File "gramExtractor.py", line 16, in <module>
    f = open(fileName,"r")
IOError: [Errno 2] No such file or directory: '/home/mz342/Project/googlebooks-eng-all-2gram-20120701-bp'
rm: cannot remove `/home/mz342/Project/googlebooks-eng-all-2gram-20120701-bp': No such file or directory
gzip: /home/mz342/Project/googlebooks-eng-all-2gram-20120701-bq: No space left on device
/home/mz342/Project/googlebooks-eng-all-2gram-20120701-bq.gz
2gram
computer
Traceback (most recent call last):
  File "gramExtractor.py", line 16, in <module>
    f = open(fileName,"r")
IOError: [Errno 2] No such file or directory: '/home/mz342/Project/googlebooks-eng-all-2gram-20120701-bq'
mouse
Traceback (most recent call last):
  File "gramExtractor.py", line 16, in <module>
    f = open(fileName,"r")
IOError: [Errno 2] No such file or directory: '/home/mz342/Project/googlebooks-eng-all-2gram-20120701-bq'
dear
Traceback (most recent call last):
  File "gramExtractor.py", line 16, in <module>
    f = open(fileName,"r")
IOError: [Errno 2] No such file or directory: '/home/mz342/Project/googlebooks-eng-all-2gram-20120701-bq'
do
Traceback (most recent call last):
  File "gramExtractor.py", line 16, in <module>
    f = open(fileName,"r")
IOError: [Errno 2] No such file or directory: '/home/mz342/Project/googlebooks-eng-all-2gram-20120701-bq'
express
Traceback (most recent call last):
  File "gramExtractor.py", line 16, in <module>
    f = open(fileName,"r")
IOError: [Errno 2] No such file or directory: '/home/mz342/Project/googlebooks-eng-all-2gram-20120701-bq'
impress
Traceback (most recent call last):
  File "gramExtractor.py", line 16, in <module>
    f = open(fileName,"r")
IOError: [Errno 2] No such file or directory: '/home/mz342/Project/googlebooks-eng-all-2gram-20120701-bq'
rm: cannot remove `/home/mz342/Project/googlebooks-eng-all-2gram-20120701-bq': No such file or directory
gzip: /home/mz342/Project/googlebooks-eng-all-2gram-20120701-br: No space left on device
/home/mz342/Project/googlebooks-eng-all-2gram-20120701-br.gz
2gram
computer
Traceback (most recent call last):
  File "gramExtractor.py", line 16, in <module>
    f = open(fileName,"r")
IOError: [Errno 2] No such file or directory: '/home/mz342/Project/googlebooks-eng-all-2gram-20120701-br'
mouse
Traceback (most recent call last):
  File "gramExtractor.py", line 16, in <module>
    f = open(fileName,"r")
IOError: [Errno 2] No such file or directory: '/home/mz342/Project/googlebooks-eng-all-2gram-20120701-br'
dear
Traceback (most recent call last):
  File "gramExtractor.py", line 16, in <module>
    f = open(fileName,"r")
IOError: [Errno 2] No such file or directory: '/home/mz342/Project/googlebooks-eng-all-2gram-20120701-br'
do
Traceback (most recent call last):
  File "gramExtractor.py", line 16, in <module>
    f = open(fileName,"r")
IOError: [Errno 2] No such file or directory: '/home/mz342/Project/googlebooks-eng-all-2gram-20120701-br'
express
Traceback (most recent call last):
  File "gramExtractor.py", line 16, in <module>
    f = open(fileName,"r")
IOError: [Errno 2] No such file or directory: '/home/mz342/Project/googlebooks-eng-all-2gram-20120701-br'
impress
Traceback (most recent call last):
  File "gramExtractor.py", line 16, in <module>
    f = open(fileName,"r")
IOError: [Errno 2] No such file or directory: '/home/mz342/Project/googlebooks-eng-all-2gram-20120701-br'
rm: cannot remove `/home/mz342/Project/googlebooks-eng-all-2gram-20120701-br': No such file or directory
gzip: /home/mz342/Project/googlebooks-eng-all-2gram-20120701-bs: No space left on device
/home/mz342/Project/googlebooks-eng-all-2gram-20120701-bs.gz
2gram
computer
Traceback (most recent call last):
  File "gramExtractor.py", line 16, in <module>
    f = open(fileName,"r")
IOError: [Errno 2] No such file or directory: '/home/mz342/Project/googlebooks-eng-all-2gram-20120701-bs'
mouse
Traceback (most recent call last):
  File "gramExtractor.py", line 16, in <module>
    f = open(fileName,"r")
IOError: [Errno 2] No such file or directory: '/home/mz342/Project/googlebooks-eng-all-2gram-20120701-bs'
dear
Traceback (most recent call last):
  File "gramExtractor.py", line 16, in <module>
    f = open(fileName,"r")
IOError: [Errno 2] No such file or directory: '/home/mz342/Project/googlebooks-eng-all-2gram-20120701-bs'
do
Traceback (most recent call last):
  File "gramExtractor.py", line 16, in <module>
    f = open(fileName,"r")
IOError: [Errno 2] No such file or directory: '/home/mz342/Project/googlebooks-eng-all-2gram-20120701-bs'
express
Traceback (most recent call last):
  File "gramExtractor.py", line 16, in <module>
    f = open(fileName,"r")
IOError: [Errno 2] No such file or directory: '/home/mz342/Project/googlebooks-eng-all-2gram-20120701-bs'
impress
Traceback (most recent call last):
  File "gramExtractor.py", line 16, in <module>
    f = open(fileName,"r")
IOError: [Errno 2] No such file or directory: '/home/mz342/Project/googlebooks-eng-all-2gram-20120701-bs'
rm: cannot remove `/home/mz342/Project/googlebooks-eng-all-2gram-20120701-bs': No such file or directory
gzip: /home/mz342/Project/googlebooks-eng-all-2gram-20120701-bt: No space left on device
/home/mz342/Project/googlebooks-eng-all-2gram-20120701-bt.gz
2gram
computer
Traceback (most recent call last):
  File "gramExtractor.py", line 16, in <module>
    f = open(fileName,"r")
IOError: [Errno 2] No such file or directory: '/home/mz342/Project/googlebooks-eng-all-2gram-20120701-bt'
mouse
Traceback (most recent call last):
  File "gramExtractor.py", line 16, in <module>
    f = open(fileName,"r")
IOError: [Errno 2] No such file or directory: '/home/mz342/Project/googlebooks-eng-all-2gram-20120701-bt'
dear
Traceback (most recent call last):
  File "gramExtractor.py", line 16, in <module>
    f = open(fileName,"r")
IOError: [Errno 2] No such file or directory: '/home/mz342/Project/googlebooks-eng-all-2gram-20120701-bt'
do
Traceback (most recent call last):
  File "gramExtractor.py", line 16, in <module>
    f = open(fileName,"r")
IOError: [Errno 2] No such file or directory: '/home/mz342/Project/googlebooks-eng-all-2gram-20120701-bt'
express
Traceback (most recent call last):
  File "gramExtractor.py", line 16, in <module>
    f = open(fileName,"r")
IOError: [Errno 2] No such file or directory: '/home/mz342/Project/googlebooks-eng-all-2gram-20120701-bt'
impress
Traceback (most recent call last):
  File "gramExtractor.py", line 16, in <module>
    f = open(fileName,"r")
IOError: [Errno 2] No such file or directory: '/home/mz342/Project/googlebooks-eng-all-2gram-20120701-bt'
rm: cannot remove `/home/mz342/Project/googlebooks-eng-all-2gram-20120701-bt': No such file or directory
gzip: /home/mz342/Project/googlebooks-eng-all-2gram-20120701-bu: No space left on device
/home/mz342/Project/googlebooks-eng-all-2gram-20120701-bu.gz
2gram
computer
Traceback (most recent call last):
  File "gramExtractor.py", line 16, in <module>
    f = open(fileName,"r")
IOError: [Errno 2] No such file or directory: '/home/mz342/Project/googlebooks-eng-all-2gram-20120701-bu'
mouse
Traceback (most recent call last):
  File "gramExtractor.py", line 16, in <module>
    f = open(fileName,"r")
IOError: [Errno 2] No such file or directory: '/home/mz342/Project/googlebooks-eng-all-2gram-20120701-bu'
dear
Traceback (most recent call last):
  File "gramExtractor.py", line 16, in <module>
    f = open(fileName,"r")
IOError: [Errno 2] No such file or directory: '/home/mz342/Project/googlebooks-eng-all-2gram-20120701-bu'
do
Traceback (most recent call last):
  File "gramExtractor.py", line 16, in <module>
    f = open(fileName,"r")
IOError: [Errno 2] No such file or directory: '/home/mz342/Project/googlebooks-eng-all-2gram-20120701-bu'
express
Traceback (most recent call last):
  File "gramExtractor.py", line 16, in <module>
    f = open(fileName,"r")
IOError: [Errno 2] No such file or directory: '/home/mz342/Project/googlebooks-eng-all-2gram-20120701-bu'
impress
Traceback (most recent call last):
  File "gramExtractor.py", line 16, in <module>
    f = open(fileName,"r")
IOError: [Errno 2] No such file or directory: '/home/mz342/Project/googlebooks-eng-all-2gram-20120701-bu'
rm: cannot remove `/home/mz342/Project/googlebooks-eng-all-2gram-20120701-bu': No such file or directory
gzip: /home/mz342/Project/googlebooks-eng-all-2gram-20120701-bv: No space left on device
/home/mz342/Project/googlebooks-eng-all-2gram-20120701-bv.gz
2gram
computer
Traceback (most recent call last):
  File "gramExtractor.py", line 16, in <module>
    f = open(fileName,"r")
IOError: [Errno 2] No such file or directory: '/home/mz342/Project/googlebooks-eng-all-2gram-20120701-bv'
mouse
Traceback (most recent call last):
  File "gramExtractor.py", line 16, in <module>
    f = open(fileName,"r")
IOError: [Errno 2] No such file or directory: '/home/mz342/Project/googlebooks-eng-all-2gram-20120701-bv'
dear
Traceback (most recent call last):
  File "gramExtractor.py", line 16, in <module>
    f = open(fileName,"r")
IOError: [Errno 2] No such file or directory: '/home/mz342/Project/googlebooks-eng-all-2gram-20120701-bv'
do
Traceback (most recent call last):
  File "gramExtractor.py", line 16, in <module>
    f = open(fileName,"r")
IOError: [Errno 2] No such file or directory: '/home/mz342/Project/googlebooks-eng-all-2gram-20120701-bv'
express
Traceback (most recent call last):
  File "gramExtractor.py", line 16, in <module>
    f = open(fileName,"r")
IOError: [Errno 2] No such file or directory: '/home/mz342/Project/googlebooks-eng-all-2gram-20120701-bv'
impress
Traceback (most recent call last):
  File "gramExtractor.py", line 16, in <module>
    f = open(fileName,"r")
IOError: [Errno 2] No such file or directory: '/home/mz342/Project/googlebooks-eng-all-2gram-20120701-bv'
rm: cannot remove `/home/mz342/Project/googlebooks-eng-all-2gram-20120701-bv': No such file or directory
gzip: /home/mz342/Project/googlebooks-eng-all-2gram-20120701-bw: No space left on device
/home/mz342/Project/googlebooks-eng-all-2gram-20120701-bw.gz
2gram
computer
Traceback (most recent call last):
  File "gramExtractor.py", line 16, in <module>
    f = open(fileName,"r")
IOError: [Errno 2] No such file or directory: '/home/mz342/Project/googlebooks-eng-all-2gram-20120701-bw'
mouse
Traceback (most recent call last):
  File "gramExtractor.py", line 16, in <module>
    f = open(fileName,"r")
IOError: [Errno 2] No such file or directory: '/home/mz342/Project/googlebooks-eng-all-2gram-20120701-bw'
dear
Traceback (most recent call last):
  File "gramExtractor.py", line 16, in <module>
    f = open(fileName,"r")
IOError: [Errno 2] No such file or directory: '/home/mz342/Project/googlebooks-eng-all-2gram-20120701-bw'
do
Traceback (most recent call last):
  File "gramExtractor.py", line 16, in <module>
    f = open(fileName,"r")
IOError: [Errno 2] No such file or directory: '/home/mz342/Project/googlebooks-eng-all-2gram-20120701-bw'
express
Traceback (most recent call last):
  File "gramExtractor.py", line 16, in <module>
    f = open(fileName,"r")
IOError: [Errno 2] No such file or directory: '/home/mz342/Project/googlebooks-eng-all-2gram-20120701-bw'
impress
Traceback (most recent call last):
  File "gramExtractor.py", line 16, in <module>
    f = open(fileName,"r")
IOError: [Errno 2] No such file or directory: '/home/mz342/Project/googlebooks-eng-all-2gram-20120701-bw'
rm: cannot remove `/home/mz342/Project/googlebooks-eng-all-2gram-20120701-bw': No such file or directory
gzip: /home/mz342/Project/googlebooks-eng-all-2gram-20120701-bx: No space left on device
/home/mz342/Project/googlebooks-eng-all-2gram-20120701-bx.gz
2gram
computer
Traceback (most recent call last):
  File "gramExtractor.py", line 16, in <module>
    f = open(fileName,"r")
IOError: [Errno 2] No such file or directory: '/home/mz342/Project/googlebooks-eng-all-2gram-20120701-bx'
mouse
Traceback (most recent call last):
  File "gramExtractor.py", line 16, in <module>
    f = open(fileName,"r")
IOError: [Errno 2] No such file or directory: '/home/mz342/Project/googlebooks-eng-all-2gram-20120701-bx'
dear
Traceback (most recent call last):
  File "gramExtractor.py", line 16, in <module>
    f = open(fileName,"r")
IOError: [Errno 2] No such file or directory: '/home/mz342/Project/googlebooks-eng-all-2gram-20120701-bx'
do
Traceback (most recent call last):
  File "gramExtractor.py", line 16, in <module>
    f = open(fileName,"r")
IOError: [Errno 2] No such file or directory: '/home/mz342/Project/googlebooks-eng-all-2gram-20120701-bx'
express
Traceback (most recent call last):
  File "gramExtractor.py", line 16, in <module>
    f = open(fileName,"r")
IOError: [Errno 2] No such file or directory: '/home/mz342/Project/googlebooks-eng-all-2gram-20120701-bx'
impress
Traceback (most recent call last):
  File "gramExtractor.py", line 16, in <module>
    f = open(fileName,"r")
IOError: [Errno 2] No such file or directory: '/home/mz342/Project/googlebooks-eng-all-2gram-20120701-bx'
rm: cannot remove `/home/mz342/Project/googlebooks-eng-all-2gram-20120701-bx': No such file or directory
gzip: /home/mz342/Project/googlebooks-eng-all-2gram-20120701-by: No space left on device
/home/mz342/Project/googlebooks-eng-all-2gram-20120701-by.gz
2gram
computer
Traceback (most recent call last):
  File "gramExtractor.py", line 16, in <module>
    f = open(fileName,"r")
IOError: [Errno 2] No such file or directory: '/home/mz342/Project/googlebooks-eng-all-2gram-20120701-by'
mouse
Traceback (most recent call last):
  File "gramExtractor.py", line 16, in <module>
    f = open(fileName,"r")
IOError: [Errno 2] No such file or directory: '/home/mz342/Project/googlebooks-eng-all-2gram-20120701-by'
dear
Traceback (most recent call last):
  File "gramExtractor.py", line 16, in <module>
    f = open(fileName,"r")
IOError: [Errno 2] No such file or directory: '/home/mz342/Project/googlebooks-eng-all-2gram-20120701-by'
do
Traceback (most recent call last):
  File "gramExtractor.py", line 16, in <module>
    f = open(fileName,"r")
IOError: [Errno 2] No such file or directory: '/home/mz342/Project/googlebooks-eng-all-2gram-20120701-by'
express
Traceback (most recent call last):
  File "gramExtractor.py", line 16, in <module>
    f = open(fileName,"r")
IOError: [Errno 2] No such file or directory: '/home/mz342/Project/googlebooks-eng-all-2gram-20120701-by'
impress
Traceback (most recent call last):
  File "gramExtractor.py", line 16, in <module>
    f = open(fileName,"r")
IOError: [Errno 2] No such file or directory: '/home/mz342/Project/googlebooks-eng-all-2gram-20120701-by'
rm: cannot remove `/home/mz342/Project/googlebooks-eng-all-2gram-20120701-by': No such file or directory
gzip: /home/mz342/Project/googlebooks-eng-all-2gram-20120701-bz: No space left on device
/home/mz342/Project/googlebooks-eng-all-2gram-20120701-bz.gz
2gram
computer
Traceback (most recent call last):
  File "gramExtractor.py", line 16, in <module>
    f = open(fileName,"r")
IOError: [Errno 2] No such file or directory: '/home/mz342/Project/googlebooks-eng-all-2gram-20120701-bz'
mouse
Traceback (most recent call last):
  File "gramExtractor.py", line 16, in <module>
    f = open(fileName,"r")
IOError: [Errno 2] No such file or directory: '/home/mz342/Project/googlebooks-eng-all-2gram-20120701-bz'
dear
Traceback (most recent call last):
  File "gramExtractor.py", line 16, in <module>
    f = open(fileName,"r")
IOError: [Errno 2] No such file or directory: '/home/mz342/Project/googlebooks-eng-all-2gram-20120701-bz'
do
Traceback (most recent call last):
  File "gramExtractor.py", line 16, in <module>
    f = open(fileName,"r")
IOError: [Errno 2] No such file or directory: '/home/mz342/Project/googlebooks-eng-all-2gram-20120701-bz'
express
Traceback (most recent call last):
  File "gramExtractor.py", line 16, in <module>
    f = open(fileName,"r")
IOError: [Errno 2] No such file or directory: '/home/mz342/Project/googlebooks-eng-all-2gram-20120701-bz'
impress
Traceback (most recent call last):
  File "gramExtractor.py", line 16, in <module>
    f = open(fileName,"r")
IOError: [Errno 2] No such file or directory: '/home/mz342/Project/googlebooks-eng-all-2gram-20120701-bz'
rm: cannot remove `/home/mz342/Project/googlebooks-eng-all-2gram-20120701-bz': No such file or directory
/home/mz342/Project/googlebooks-eng-all-2gram-20120701-ca.gz
2gram
computer
mouse
dear
Traceback (most recent call last):
  File "gramExtractor.py", line 42, in <module>
    out_f.close()
IOError: [Errno 122] Disk quota exceeded
do
express
Traceback (most recent call last):
  File "gramExtractor.py", line 30, in <module>
    out_f.writelines(line)
IOError: [Errno 122] Disk quota exceeded
impress
rm: cannot remove `/home/mz342/Project/googlebooks-eng-all-2gram-20120701-ca.gz': No such file or directory
/home/mz342/Project/googlebooks-eng-all-2gram-20120701-cb.gz
2gram
computer
mouse
dear
do
express
impress
rm: cannot remove `/home/mz342/Project/googlebooks-eng-all-2gram-20120701-cb.gz': No such file or directory
/home/mz342/Project/googlebooks-eng-all-2gram-20120701-cc.gz
2gram
computer
mouse
dear
do
express
impress
rm: cannot remove `/home/mz342/Project/googlebooks-eng-all-2gram-20120701-cc.gz': No such file or directory
/home/mz342/Project/googlebooks-eng-all-2gram-20120701-cd.gz
2gram
computer
mouse
dear
do
express
impress
rm: cannot remove `/home/mz342/Project/googlebooks-eng-all-2gram-20120701-cd.gz': No such file or directory
/home/mz342/Project/googlebooks-eng-all-2gram-20120701-ce.gz
2gram
computer
mouse
dear
do
express
Traceback (most recent call last):
  File "gramExtractor.py", line 42, in <module>
    out_f.close()
IOError: [Errno 122] Disk quota exceeded
impress
rm: cannot remove `/home/mz342/Project/googlebooks-eng-all-2gram-20120701-ce.gz': No such file or directory
/home/mz342/Project/googlebooks-eng-all-2gram-20120701-cf.gz
2gram
computer
mouse
dear
do
express
impress
rm: cannot remove `/home/mz342/Project/googlebooks-eng-all-2gram-20120701-cf.gz': No such file or directory
/home/mz342/Project/googlebooks-eng-all-2gram-20120701-cg.gz
2gram
computer
mouse
dear
do
express
impress
rm: cannot remove `/home/mz342/Project/googlebooks-eng-all-2gram-20120701-cg.gz': No such file or directory
/home/mz342/Project/googlebooks-eng-all-2gram-20120701-c_.gz
2gram
computer
mouse
dear
do
express
Traceback (most recent call last):
  File "gramExtractor.py", line 42, in <module>
    out_f.close()
IOError: [Errno 5] Input/output error
impress
rm: cannot remove `/home/mz342/Project/googlebooks-eng-all-2gram-20120701-c_.gz': No such file or directory
/home/mz342/Project/googlebooks-eng-all-2gram-20120701-ch.gz
2gram
computer
mouse
dear
do
express
Traceback (most recent call last):
  File "gramExtractor.py", line 40, in <module>
    line = f.readline()
IOError: [Errno 116] Stale NFS file handle
impress
Traceback (most recent call last):
  File "gramExtractor.py", line 16, in <module>
    f = open(fileName,"r")
IOError: [Errno 2] No such file or directory: '/home/mz342/Project/googlebooks-eng-all-2gram-20120701-ch'
rm: cannot remove `/home/mz342/Project/googlebooks-eng-all-2gram-20120701-ch': No such file or directory
rm: cannot remove `/home/mz342/Project/googlebooks-eng-all-2gram-20120701-ch.gz': No such file or directory
/home/mz342/Project/googlebooks-eng-all-2gram-20120701-ci.gz
2gram
computer
mouse
dear
do
express
impress
rm: cannot remove `/home/mz342/Project/googlebooks-eng-all-2gram-20120701-ci.gz': No such file or directory
/home/mz342/Project/googlebooks-eng-all-2gram-20120701-cj.gz
2gram
computer
mouse
dear
do
express
impress
rm: cannot remove `/home/mz342/Project/googlebooks-eng-all-2gram-20120701-cj.gz': No such file or directory
/home/mz342/Project/googlebooks-eng-all-2gram-20120701-ck.gz
2gram
computer
mouse
dear
do
express
impress
rm: cannot remove `/home/mz342/Project/googlebooks-eng-all-2gram-20120701-ck.gz': No such file or directory
/home/mz342/Project/googlebooks-eng-all-2gram-20120701-cl.gz
2gram
computer
mouse
dear
do
express
impress
rm: cannot remove `/home/mz342/Project/googlebooks-eng-all-2gram-20120701-cl.gz': No such file or directory
/home/mz342/Project/googlebooks-eng-all-2gram-20120701-cm.gz
2gram
computer
mouse
dear
do
express
impress
rm: cannot remove `/home/mz342/Project/googlebooks-eng-all-2gram-20120701-cm.gz': No such file or directory
/home/mz342/Project/googlebooks-eng-all-2gram-20120701-cn.gz
2gram
computer
mouse
dear
do
express
impress
rm: cannot remove `/home/mz342/Project/googlebooks-eng-all-2gram-20120701-cn.gz': No such file or directory

gzip: /home/mz342/Project/googlebooks-eng-all-2gram-20120701-co: Disk quota exceeded
/home/mz342/Project/googlebooks-eng-all-2gram-20120701-co.gz
2gram
computer
Traceback (most recent call last):
  File "gramExtractor.py", line 16, in <module>
    f = open(fileName,"r")
IOError: [Errno 2] No such file or directory: '/home/mz342/Project/googlebooks-eng-all-2gram-20120701-co'
mouse
Traceback (most recent call last):
  File "gramExtractor.py", line 16, in <module>
    f = open(fileName,"r")
IOError: [Errno 2] No such file or directory: '/home/mz342/Project/googlebooks-eng-all-2gram-20120701-co'
dear
Traceback (most recent call last):
  File "gramExtractor.py", line 16, in <module>
    f = open(fileName,"r")
IOError: [Errno 2] No such file or directory: '/home/mz342/Project/googlebooks-eng-all-2gram-20120701-co'
do
Traceback (most recent call last):
  File "gramExtractor.py", line 16, in <module>
    f = open(fileName,"r")
IOError: [Errno 2] No such file or directory: '/home/mz342/Project/googlebooks-eng-all-2gram-20120701-co'
express
Traceback (most recent call last):
  File "gramExtractor.py", line 16, in <module>
    f = open(fileName,"r")
IOError: [Errno 2] No such file or directory: '/home/mz342/Project/googlebooks-eng-all-2gram-20120701-co'
impress
Traceback (most recent call last):
  File "gramExtractor.py", line 16, in <module>
    f = open(fileName,"r")
IOError: [Errno 2] No such file or directory: '/home/mz342/Project/googlebooks-eng-all-2gram-20120701-co'
rm: cannot remove `/home/mz342/Project/googlebooks-eng-all-2gram-20120701-co': No such file or directory
/home/mz342/Project/googlebooks-eng-all-2gram-20120701-_CONJ_.gz
2gram
computer
mouse
dear
do
express
impress
rm: cannot remove `/home/mz342/Project/googlebooks-eng-all-2gram-20120701-_CONJ_.gz': No such file or directory
/home/mz342/Project/googlebooks-eng-all-2gram-20120701-cp.gz
2gram
computer
mouse
dear
do
express
impress
rm: cannot remove `/home/mz342/Project/googlebooks-eng-all-2gram-20120701-cp.gz': No such file or directory
/home/mz342/Project/googlebooks-eng-all-2gram-20120701-cq.gz
2gram
computer
mouse
dear
do
express
impress
rm: cannot remove `/home/mz342/Project/googlebooks-eng-all-2gram-20120701-cq.gz': No such file or directory
/home/mz342/Project/googlebooks-eng-all-2gram-20120701-cr.gz
2gram
computer
mouse
dear
do
express
impress
rm: cannot remove `/home/mz342/Project/googlebooks-eng-all-2gram-20120701-cr.gz': No such file or directory
/home/mz342/Project/googlebooks-eng-all-2gram-20120701-cs.gz
2gram
computer
mouse
dear
do
express
impress
rm: cannot remove `/home/mz342/Project/googlebooks-eng-all-2gram-20120701-cs.gz': No such file or directory
/home/mz342/Project/googlebooks-eng-all-2gram-20120701-ct.gz
2gram
computer
mouse
dear
do
express
impress
rm: cannot remove `/home/mz342/Project/googlebooks-eng-all-2gram-20120701-ct.gz': No such file or directory
/home/mz342/Project/googlebooks-eng-all-2gram-20120701-cu.gz
2gram
computer
mouse
dear
do
express
impress
rm: cannot remove `/home/mz342/Project/googlebooks-eng-all-2gram-20120701-cu.gz': No such file or directory
/home/mz342/Project/googlebooks-eng-all-2gram-20120701-cv.gz
2gram
computer
mouse
dear
do
express
impress
rm: cannot remove `/home/mz342/Project/googlebooks-eng-all-2gram-20120701-cv.gz': No such file or directory
/home/mz342/Project/googlebooks-eng-all-2gram-20120701-cw.gz
2gram
computer
mouse
dear
do
express
impress
rm: cannot remove `/home/mz342/Project/googlebooks-eng-all-2gram-20120701-cw.gz': No such file or directory
/home/mz342/Project/googlebooks-eng-all-2gram-20120701-cx.gz
2gram
computer
mouse
dear
do
express
impress
rm: cannot remove `/home/mz342/Project/googlebooks-eng-all-2gram-20120701-cx.gz': No such file or directory
/home/mz342/Project/googlebooks-eng-all-2gram-20120701-cy.gz
2gram
computer
mouse
dear
do
express
impress
rm: cannot remove `/home/mz342/Project/googlebooks-eng-all-2gram-20120701-cy.gz': No such file or directory
/home/mz342/Project/googlebooks-eng-all-2gram-20120701-cz.gz
2gram
computer
mouse
dear
do
express
impress
rm: cannot remove `/home/mz342/Project/googlebooks-eng-all-2gram-20120701-cz.gz': No such file or directory
/home/mz342/Project/googlebooks-eng-all-2gram-20120701-da.gz
2gram
computer
mouse
Traceback (most recent call last):
  File "gramExtractor.py", line 42, in <module>
    out_f.close()
IOError: [Errno 122] Disk quota exceeded
dear
do
express
impress
rm: cannot remove `/home/mz342/Project/googlebooks-eng-all-2gram-20120701-da.gz': No such file or directory
/home/mz342/Project/googlebooks-eng-all-2gram-20120701-db.gz
2gram
computer
mouse
dear
do
express
impress
rm: cannot remove `/home/mz342/Project/googlebooks-eng-all-2gram-20120701-db.gz': No such file or directory
/home/mz342/Project/googlebooks-eng-all-2gram-20120701-dc.gz
2gram
computer
mouse
dear
do
express
impress
rm: cannot remove `/home/mz342/Project/googlebooks-eng-all-2gram-20120701-dc.gz': No such file or directory
/home/mz342/Project/googlebooks-eng-all-2gram-20120701-dd.gz
2gram
computer
mouse
dear
do
express
impress
rm: cannot remove `/home/mz342/Project/googlebooks-eng-all-2gram-20120701-dd.gz': No such file or directory
/home/mz342/Project/googlebooks-eng-all-2gram-20120701-de.gz
2gram
computer
mouse
dear
do
